[debug] [2024-02-23T09:05:26.665Z] ----------------------------------------------------------------------
[debug] [2024-02-23T09:05:26.667Z] Command:       C:\Program Files\nodejs\node.exe C:\Users\Гульжан\AppData\Roaming\npm\node_modules\firebase-tools\lib\bin\firebase.js deploy --only functions
[debug] [2024-02-23T09:05:26.667Z] CLI Version:   13.3.1
[debug] [2024-02-23T09:05:26.667Z] Platform:      win32
[debug] [2024-02-23T09:05:26.667Z] Node Version:  v18.16.0
[debug] [2024-02-23T09:05:26.668Z] Time:          Fri Feb 23 2024 15:05:26 GMT+0600 (Восточный Казахстан)
[debug] [2024-02-23T09:05:26.668Z] ----------------------------------------------------------------------
[debug] 
[debug] [2024-02-23T09:05:26.746Z] > command requires scopes: ["email","openid","https://www.googleapis.com/auth/cloudplatformprojects.readonly","https://www.googleapis.com/auth/firebase","https://www.googleapis.com/auth/cloud-platform"]
[debug] [2024-02-23T09:05:26.746Z] > authorizing via signed-in user (karakulgulzhan@gmail.com)
[debug] [2024-02-23T09:05:26.747Z] [iam] checking project my-portfolio-server-7f900 for permissions ["cloudfunctions.functions.create","cloudfunctions.functions.delete","cloudfunctions.functions.get","cloudfunctions.functions.list","cloudfunctions.functions.update","cloudfunctions.operations.get","firebase.projects.get"]
[debug] [2024-02-23T09:05:26.748Z] >>> [apiv2][query] POST https://cloudresourcemanager.googleapis.com/v1/projects/my-portfolio-server-7f900:testIamPermissions [none]
[debug] [2024-02-23T09:05:26.748Z] >>> [apiv2][(partial)header] POST https://cloudresourcemanager.googleapis.com/v1/projects/my-portfolio-server-7f900:testIamPermissions x-goog-quota-user=projects/my-portfolio-server-7f900
[debug] [2024-02-23T09:05:26.749Z] >>> [apiv2][body] POST https://cloudresourcemanager.googleapis.com/v1/projects/my-portfolio-server-7f900:testIamPermissions {"permissions":["cloudfunctions.functions.create","cloudfunctions.functions.delete","cloudfunctions.functions.get","cloudfunctions.functions.list","cloudfunctions.functions.update","cloudfunctions.operations.get","firebase.projects.get"]}
[debug] [2024-02-23T09:05:28.223Z] <<< [apiv2][status] POST https://cloudresourcemanager.googleapis.com/v1/projects/my-portfolio-server-7f900:testIamPermissions 200
[debug] [2024-02-23T09:05:28.223Z] <<< [apiv2][body] POST https://cloudresourcemanager.googleapis.com/v1/projects/my-portfolio-server-7f900:testIamPermissions {"permissions":["cloudfunctions.functions.create","cloudfunctions.functions.delete","cloudfunctions.functions.get","cloudfunctions.functions.list","cloudfunctions.functions.update","cloudfunctions.operations.get","firebase.projects.get"]}
[debug] [2024-02-23T09:05:28.224Z] >>> [apiv2][query] POST https://iam.googleapis.com/v1/projects/my-portfolio-server-7f900/serviceAccounts/my-portfolio-server-7f900@appspot.gserviceaccount.com:testIamPermissions [none]
[debug] [2024-02-23T09:05:28.224Z] >>> [apiv2][body] POST https://iam.googleapis.com/v1/projects/my-portfolio-server-7f900/serviceAccounts/my-portfolio-server-7f900@appspot.gserviceaccount.com:testIamPermissions {"permissions":["iam.serviceAccounts.actAs"]}
[debug] [2024-02-23T09:05:29.704Z] <<< [apiv2][status] POST https://iam.googleapis.com/v1/projects/my-portfolio-server-7f900/serviceAccounts/my-portfolio-server-7f900@appspot.gserviceaccount.com:testIamPermissions 200
[debug] [2024-02-23T09:05:29.705Z] <<< [apiv2][body] POST https://iam.googleapis.com/v1/projects/my-portfolio-server-7f900/serviceAccounts/my-portfolio-server-7f900@appspot.gserviceaccount.com:testIamPermissions {"permissions":["iam.serviceAccounts.actAs"]}
[info] 
[info] === Deploying to 'my-portfolio-server-7f900'...
[info] 
[info] i  deploying functions 
[debug] [2024-02-23T09:05:29.708Z] >>> [apiv2][query] GET https://firebase.googleapis.com/v1beta1/projects/my-portfolio-server-7f900 [none]
[debug] [2024-02-23T09:05:30.693Z] <<< [apiv2][status] GET https://firebase.googleapis.com/v1beta1/projects/my-portfolio-server-7f900 200
[debug] [2024-02-23T09:05:30.693Z] <<< [apiv2][body] GET https://firebase.googleapis.com/v1beta1/projects/my-portfolio-server-7f900 {"projectId":"my-portfolio-server-7f900","projectNumber":"788550075494","displayName":"my-portfolio-server","name":"projects/my-portfolio-server-7f900","resources":{"hostingSite":"my-portfolio-server-7f900"},"state":"ACTIVE","etag":"1_c42887a4-f597-4974-b822-ff34abda49c4"}
[info] i  functions: preparing codebase default for deployment 
[info] i  functions: ensuring required API cloudfunctions.googleapis.com is enabled... 
[info] i  functions: ensuring required API cloudbuild.googleapis.com is enabled... 
[info] i  artifactregistry: ensuring required API artifactregistry.googleapis.com is enabled... 
[debug] [2024-02-23T09:05:30.696Z] >>> [apiv2][query] GET https://serviceusage.googleapis.com/v1/projects/my-portfolio-server-7f900/services/cloudfunctions.googleapis.com [none]
[debug] [2024-02-23T09:05:30.696Z] >>> [apiv2][(partial)header] GET https://serviceusage.googleapis.com/v1/projects/my-portfolio-server-7f900/services/cloudfunctions.googleapis.com x-goog-quota-user=projects/my-portfolio-server-7f900
[debug] [2024-02-23T09:05:30.697Z] >>> [apiv2][query] GET https://serviceusage.googleapis.com/v1/projects/my-portfolio-server-7f900/services/runtimeconfig.googleapis.com [none]
[debug] [2024-02-23T09:05:30.697Z] >>> [apiv2][(partial)header] GET https://serviceusage.googleapis.com/v1/projects/my-portfolio-server-7f900/services/runtimeconfig.googleapis.com x-goog-quota-user=projects/my-portfolio-server-7f900
[debug] [2024-02-23T09:05:30.698Z] >>> [apiv2][query] GET https://serviceusage.googleapis.com/v1/projects/my-portfolio-server-7f900/services/cloudbuild.googleapis.com [none]
[debug] [2024-02-23T09:05:30.698Z] >>> [apiv2][(partial)header] GET https://serviceusage.googleapis.com/v1/projects/my-portfolio-server-7f900/services/cloudbuild.googleapis.com x-goog-quota-user=projects/my-portfolio-server-7f900
[debug] [2024-02-23T09:05:30.699Z] >>> [apiv2][query] GET https://serviceusage.googleapis.com/v1/projects/my-portfolio-server-7f900/services/artifactregistry.googleapis.com [none]
[debug] [2024-02-23T09:05:30.699Z] >>> [apiv2][(partial)header] GET https://serviceusage.googleapis.com/v1/projects/my-portfolio-server-7f900/services/artifactregistry.googleapis.com x-goog-quota-user=projects/my-portfolio-server-7f900
[debug] [2024-02-23T09:05:32.150Z] <<< [apiv2][status] GET https://serviceusage.googleapis.com/v1/projects/my-portfolio-server-7f900/services/runtimeconfig.googleapis.com 200
[debug] [2024-02-23T09:05:32.150Z] <<< [apiv2][body] GET https://serviceusage.googleapis.com/v1/projects/my-portfolio-server-7f900/services/runtimeconfig.googleapis.com [omitted]
[debug] [2024-02-23T09:05:32.159Z] <<< [apiv2][status] GET https://serviceusage.googleapis.com/v1/projects/my-portfolio-server-7f900/services/artifactregistry.googleapis.com 200
[debug] [2024-02-23T09:05:32.159Z] <<< [apiv2][body] GET https://serviceusage.googleapis.com/v1/projects/my-portfolio-server-7f900/services/artifactregistry.googleapis.com [omitted]
[info] +  artifactregistry: required API artifactregistry.googleapis.com is enabled 
[debug] [2024-02-23T09:05:32.161Z] <<< [apiv2][status] GET https://serviceusage.googleapis.com/v1/projects/my-portfolio-server-7f900/services/cloudfunctions.googleapis.com 200
[debug] [2024-02-23T09:05:32.161Z] <<< [apiv2][body] GET https://serviceusage.googleapis.com/v1/projects/my-portfolio-server-7f900/services/cloudfunctions.googleapis.com [omitted]
[info] +  functions: required API cloudfunctions.googleapis.com is enabled 
[debug] [2024-02-23T09:05:32.189Z] <<< [apiv2][status] GET https://serviceusage.googleapis.com/v1/projects/my-portfolio-server-7f900/services/cloudbuild.googleapis.com 200
[debug] [2024-02-23T09:05:32.190Z] <<< [apiv2][body] GET https://serviceusage.googleapis.com/v1/projects/my-portfolio-server-7f900/services/cloudbuild.googleapis.com [omitted]
[info] +  functions: required API cloudbuild.googleapis.com is enabled 
[debug] [2024-02-23T09:05:32.190Z] >>> [apiv2][query] GET https://firebase.googleapis.com/v1beta1/projects/my-portfolio-server-7f900/adminSdkConfig [none]
[debug] [2024-02-23T09:05:33.019Z] <<< [apiv2][status] GET https://firebase.googleapis.com/v1beta1/projects/my-portfolio-server-7f900/adminSdkConfig 200
[debug] [2024-02-23T09:05:33.019Z] <<< [apiv2][body] GET https://firebase.googleapis.com/v1beta1/projects/my-portfolio-server-7f900/adminSdkConfig {"projectId":"my-portfolio-server-7f900","storageBucket":"my-portfolio-server-7f900.appspot.com"}
[debug] [2024-02-23T09:05:33.020Z] >>> [apiv2][query] GET https://runtimeconfig.googleapis.com/v1beta1/projects/my-portfolio-server-7f900/configs [none]
[debug] [2024-02-23T09:05:34.474Z] <<< [apiv2][status] GET https://runtimeconfig.googleapis.com/v1beta1/projects/my-portfolio-server-7f900/configs 200
[debug] [2024-02-23T09:05:34.474Z] <<< [apiv2][body] GET https://runtimeconfig.googleapis.com/v1beta1/projects/my-portfolio-server-7f900/configs {}
[debug] [2024-02-23T09:05:34.475Z] Validating nodejs source
[debug] [2024-02-23T09:05:36.018Z] > [functions] package.json contents: {
  "name": "server",
  "version": "1.0.0",
  "description": "",
  "main": "index.js",
  "scripts": {
    "test": "echo \"Error: no test specified\" && exit 1",
    "start": "node server.js",
    "deploy": "firebase deploy --only functions"
  },
  "keywords": [],
  "author": "",
  "license": "ISC",
  "dependencies": {
    "cors": "^2.8.5",
    "dotenv": "^16.4.4",
    "express": "^4.18.2",
    "firebase-admin": "^12.0.0",
    "firebase-functions": "^4.7.0",
    "nodemailer": "^6.9.9"
  },
  "engines": {
    "node": "18"
  }
}
[debug] [2024-02-23T09:05:36.018Z] Building nodejs source
[info] i  functions: Loading and analyzing source code for codebase default to determine what to deploy 
[debug] [2024-02-23T09:05:36.020Z] Could not find functions.yaml. Must use http discovery
[debug] [2024-02-23T09:05:36.026Z] Found firebase-functions binary at 'C:\Users\Гульжан\Documents\GitHub\my-portfolio-server\functions\node_modules\.bin\firebase-functions'
[info] Serving at port 8982

[debug] [2024-02-23T09:05:40.223Z] Got response from /__/functions.yaml {"endpoints":{"addMessage":{"platform":"gcfv1","availableMemoryMb":null,"timeoutSeconds":null,"minInstances":null,"maxInstances":null,"ingressSettings":null,"serviceAccountEmail":null,"vpc":null,"httpsTrigger":{},"entryPoint":"addMessage"}},"specVersion":"v1alpha1","requiredAPIs":[]}
[error] Error verifying email connection: Error: Missing credentials for "PLAIN"
    at SMTPConnection._formatError (C:\Users\Гульжан\Documents\GitHub\my-portfolio-server\functions\node_modules\nodemailer\lib\smtp-connection\index.js:790:19)
    at SMTPConnection.login (C:\Users\Гульжан\Documents\GitHub\my-portfolio-server\functions\node_modules\nodemailer\lib\smtp-connection\index.js:444:38)
    at C:\Users\Гульжан\Documents\GitHub\my-portfolio-server\functions\node_modules\nodemailer\lib\smtp-transport\index.js:375:32
    at SMTPConnection.<anonymous> (C:\Users\Гульжан\Documents\GitHub\my-portfolio-server\functions\node_modules\nodemailer\lib\smtp-connection\index.js:213:17)
    at Object.onceWrapper (node:events:627:28)
    at SMTPConnection.emit (node:events:513:28)
    at SMTPConnection._actionEHLO (C:\Users\Гульжан\Documents\GitHub\my-portfolio-server\functions\node_modules\nodemailer\lib\smtp-connection\index.js:1347:14)
    at SMTPConnection._processResponse (C:\Users\Гульжан\Documents\GitHub\my-portfolio-server\functions\node_modules\nodemailer\lib\smtp-connection\index.js:969:20)
    at SMTPConnection._onData (C:\Users\Гульжан\Documents\GitHub\my-portfolio-server\functions\node_modules\nodemailer\lib\smtp-connection\index.js:755:14)
    at SMTPConnection._onSocketData (C:\Users\Гульжан\Documents\GitHub\my-portfolio-server\functions\node_modules\nodemailer\lib\smtp-connection\index.js:193:44) {
  code: 'EAUTH',
  command: 'API'
}

[info] i  functions: preparing functions directory for uploading... 
[info] i  functions: packaged C:\Users\Гульжан\Documents\GitHub\my-portfolio-server\functions (29.08 KB) for uploading 
[debug] [2024-02-23T09:05:41.073Z] >>> [apiv2][query] GET https://cloudfunctions.googleapis.com/v1/projects/my-portfolio-server-7f900/locations/-/functions [none]
[debug] [2024-02-23T09:05:42.576Z] <<< [apiv2][status] GET https://cloudfunctions.googleapis.com/v1/projects/my-portfolio-server-7f900/locations/-/functions 200
[debug] [2024-02-23T09:05:42.576Z] <<< [apiv2][body] GET https://cloudfunctions.googleapis.com/v1/projects/my-portfolio-server-7f900/locations/-/functions {}
[debug] [2024-02-23T09:05:42.577Z] >>> [apiv2][query] GET https://cloudfunctions.googleapis.com/v2/projects/my-portfolio-server-7f900/locations/-/functions filter=environment%3D%22GEN_2%22
[debug] [2024-02-23T09:05:44.328Z] <<< [apiv2][status] GET https://cloudfunctions.googleapis.com/v2/projects/my-portfolio-server-7f900/locations/-/functions 200
[debug] [2024-02-23T09:05:44.328Z] <<< [apiv2][body] GET https://cloudfunctions.googleapis.com/v2/projects/my-portfolio-server-7f900/locations/-/functions {}
[debug] [2024-02-23T09:05:44.331Z] >>> [apiv2][query] GET https://firebase.googleapis.com/v1beta1/projects/my-portfolio-server-7f900 [none]
[debug] [2024-02-23T09:05:44.918Z] <<< [apiv2][status] GET https://firebase.googleapis.com/v1beta1/projects/my-portfolio-server-7f900 200
[debug] [2024-02-23T09:05:44.919Z] <<< [apiv2][body] GET https://firebase.googleapis.com/v1beta1/projects/my-portfolio-server-7f900 {"projectId":"my-portfolio-server-7f900","projectNumber":"788550075494","displayName":"my-portfolio-server","name":"projects/my-portfolio-server-7f900","resources":{"hostingSite":"my-portfolio-server-7f900"},"state":"ACTIVE","etag":"1_c42887a4-f597-4974-b822-ff34abda49c4"}
[debug] [2024-02-23T09:05:44.919Z] [functions] found 1 new HTTP functions, testing setIamPolicy permission...
[debug] [2024-02-23T09:05:44.920Z] >>> [apiv2][query] POST https://cloudresourcemanager.googleapis.com/v1/projects/my-portfolio-server-7f900:testIamPermissions [none]
[debug] [2024-02-23T09:05:44.920Z] >>> [apiv2][(partial)header] POST https://cloudresourcemanager.googleapis.com/v1/projects/my-portfolio-server-7f900:testIamPermissions x-goog-quota-user=projects/my-portfolio-server-7f900
[debug] [2024-02-23T09:05:44.920Z] >>> [apiv2][body] POST https://cloudresourcemanager.googleapis.com/v1/projects/my-portfolio-server-7f900:testIamPermissions {"permissions":["cloudfunctions.functions.setIamPolicy"]}
[debug] [2024-02-23T09:05:46.122Z] <<< [apiv2][status] POST https://cloudresourcemanager.googleapis.com/v1/projects/my-portfolio-server-7f900:testIamPermissions 200
[debug] [2024-02-23T09:05:46.123Z] <<< [apiv2][body] POST https://cloudresourcemanager.googleapis.com/v1/projects/my-portfolio-server-7f900:testIamPermissions {"permissions":["cloudfunctions.functions.setIamPolicy"]}
[debug] [2024-02-23T09:05:46.123Z] [functions] found setIamPolicy permission, proceeding with deploy
[debug] [2024-02-23T09:05:46.123Z] >>> [apiv2][query] POST https://cloudfunctions.googleapis.com/v1/projects/my-portfolio-server-7f900/locations/us-central1/functions:generateUploadUrl [none]
[debug] [2024-02-23T09:05:46.123Z] >>> [apiv2][body] POST https://cloudfunctions.googleapis.com/v1/projects/my-portfolio-server-7f900/locations/us-central1/functions:generateUploadUrl {}
[debug] [2024-02-23T09:05:56.839Z] <<< [apiv2][status] POST https://cloudfunctions.googleapis.com/v1/projects/my-portfolio-server-7f900/locations/us-central1/functions:generateUploadUrl 200
[debug] [2024-02-23T09:05:56.839Z] <<< [apiv2][body] POST https://cloudfunctions.googleapis.com/v1/projects/my-portfolio-server-7f900/locations/us-central1/functions:generateUploadUrl {"uploadUrl":"https://storage.googleapis.com/uploads-512624323680.us-central1.cloudfunctions.appspot.com/b1192539-0299-4571-92e8-d7ab9a5d1be0.zip?GoogleAccessId=service-788550075494@gcf-admin-robot.iam.gserviceaccount.com&Expires=1708680958&Signature=OEczpLlb9tB8Zj73Z5C0tW06MkLfVE2npKX%2BdqCSM2d4sPUZl%2FZr%2BpQvzwr1mZvxgazPlsQIq2Ij8vjA3I4sqoSg9kESOkuoK3xU21ly13pcIZ2nN7%2BZ%2BzTRFNr1RDTS%2BzFfhFaGtT0x1eo8%2FrfBn5e3SGTNd%2FTAk1h5R%2B9QaDnoTqk%2Fy9DaHKzupK7Z5bIT6riA3bV8vL5tJaW47xVSZ%2BEJHRhAwgO606Q0%2FQoqMFXNizerKlTMr0WYeH%2BP4q25qjRPuDt%2BInWmga0UAEgxp%2BkjlrlvBTWe7Y5iC52agNhkn3WNJLArp1HViK1JV7gX0lhOD6urDcvZpP5OBsUhKA%3D%3D"}
[debug] [2024-02-23T09:05:56.840Z] >>> [apiv2][query] PUT https://storage.googleapis.com/uploads-512624323680.us-central1.cloudfunctions.appspot.com/b1192539-0299-4571-92e8-d7ab9a5d1be0.zip GoogleAccessId=service-788550075494%40gcf-admin-robot.iam.gserviceaccount.com&Expires=1708680958&Signature=OEczpLlb9tB8Zj73Z5C0tW06MkLfVE2npKX%2BdqCSM2d4sPUZl%2FZr%2BpQvzwr1mZvxgazPlsQIq2Ij8vjA3I4sqoSg9kESOkuoK3xU21ly13pcIZ2nN7%2BZ%2BzTRFNr1RDTS%2BzFfhFaGtT0x1eo8%2FrfBn5e3SGTNd%2FTAk1h5R%2B9QaDnoTqk%2Fy9DaHKzupK7Z5bIT6riA3bV8vL5tJaW47xVSZ%2BEJHRhAwgO606Q0%2FQoqMFXNizerKlTMr0WYeH%2BP4q25qjRPuDt%2BInWmga0UAEgxp%2BkjlrlvBTWe7Y5iC52agNhkn3WNJLArp1HViK1JV7gX0lhOD6urDcvZpP5OBsUhKA%3D%3D
[debug] [2024-02-23T09:05:56.840Z] >>> [apiv2][body] PUT https://storage.googleapis.com/uploads-512624323680.us-central1.cloudfunctions.appspot.com/b1192539-0299-4571-92e8-d7ab9a5d1be0.zip [stream]
[debug] [2024-02-23T09:05:58.880Z] <<< [apiv2][status] PUT https://storage.googleapis.com/uploads-512624323680.us-central1.cloudfunctions.appspot.com/b1192539-0299-4571-92e8-d7ab9a5d1be0.zip 200
[debug] [2024-02-23T09:05:58.880Z] <<< [apiv2][body] PUT https://storage.googleapis.com/uploads-512624323680.us-central1.cloudfunctions.appspot.com/b1192539-0299-4571-92e8-d7ab9a5d1be0.zip [omitted]
[info] +  functions: functions folder uploaded successfully 
[info] i  functions: creating Node.js 18 (1st Gen) function addMessage(us-central1)... 
[debug] [2024-02-23T09:05:58.884Z] >>> [apiv2][query] POST https://cloudfunctions.googleapis.com/v1/projects/my-portfolio-server-7f900/locations/us-central1/functions [none]
[debug] [2024-02-23T09:05:58.884Z] >>> [apiv2][body] POST https://cloudfunctions.googleapis.com/v1/projects/my-portfolio-server-7f900/locations/us-central1/functions {"name":"projects/my-portfolio-server-7f900/locations/us-central1/functions/addMessage","sourceUploadUrl":"https://storage.googleapis.com/uploads-512624323680.us-central1.cloudfunctions.appspot.com/b1192539-0299-4571-92e8-d7ab9a5d1be0.zip?GoogleAccessId=service-788550075494@gcf-admin-robot.iam.gserviceaccount.com&Expires=1708680958&Signature=OEczpLlb9tB8Zj73Z5C0tW06MkLfVE2npKX%2BdqCSM2d4sPUZl%2FZr%2BpQvzwr1mZvxgazPlsQIq2Ij8vjA3I4sqoSg9kESOkuoK3xU21ly13pcIZ2nN7%2BZ%2BzTRFNr1RDTS%2BzFfhFaGtT0x1eo8%2FrfBn5e3SGTNd%2FTAk1h5R%2B9QaDnoTqk%2Fy9DaHKzupK7Z5bIT6riA3bV8vL5tJaW47xVSZ%2BEJHRhAwgO606Q0%2FQoqMFXNizerKlTMr0WYeH%2BP4q25qjRPuDt%2BInWmga0UAEgxp%2BkjlrlvBTWe7Y5iC52agNhkn3WNJLArp1HViK1JV7gX0lhOD6urDcvZpP5OBsUhKA%3D%3D","entryPoint":"addMessage","runtime":"nodejs18","dockerRegistry":"ARTIFACT_REGISTRY","labels":{"deployment-tool":"cli-firebase","firebase-functions-hash":"44f3d21859a2aae05f657958259e6d4b5cd17d25"},"httpsTrigger":{"securityLevel":"SECURE_ALWAYS"},"minInstances":null,"maxInstances":null,"ingressSettings":null,"environmentVariables":{"FIREBASE_CONFIG":"{\"projectId\":\"my-portfolio-server-7f900\",\"storageBucket\":\"my-portfolio-server-7f900.appspot.com\"}","GCLOUD_PROJECT":"my-portfolio-server-7f900","EVENTARC_CLOUD_EVENT_SOURCE":"projects/my-portfolio-server-7f900/locations/us-central1/functions/addMessage"},"serviceAccountEmail":null,"availableMemoryMb":null,"timeout":null,"vpcConnector":null,"vpcConnectorEgressSettings":null,"buildEnvironmentVariables":{"GOOGLE_NODE_RUN_SCRIPTS":""}}
[debug] [2024-02-23T09:05:59.959Z] <<< [apiv2][status] POST https://cloudfunctions.googleapis.com/v1/projects/my-portfolio-server-7f900/locations/us-central1/functions 200
[debug] [2024-02-23T09:05:59.959Z] <<< [apiv2][body] POST https://cloudfunctions.googleapis.com/v1/projects/my-portfolio-server-7f900/locations/us-central1/functions {"name":"operations/bXktcG9ydGZvbGlvLXNlcnZlci03ZjkwMC91cy1jZW50cmFsMS9hZGRNZXNzYWdlL1ZQV3NqNHQ3X1NZ","metadata":{"@type":"type.googleapis.com/google.cloud.functions.v1.OperationMetadataV1","target":"projects/my-portfolio-server-7f900/locations/us-central1/functions/addMessage","type":"CREATE_FUNCTION","request":{"@type":"type.googleapis.com/google.cloud.functions.v1.CloudFunction","name":"projects/my-portfolio-server-7f900/locations/us-central1/functions/addMessage","httpsTrigger":{"securityLevel":"SECURE_ALWAYS"},"entryPoint":"addMessage","labels":{"deployment-tool":"cli-firebase","firebase-functions-hash":"44f3d21859a2aae05f657958259e6d4b5cd17d25"},"sourceUploadUrl":"https://storage.googleapis.com/uploads-512624323680.us-central1.cloudfunctions.appspot.com/b1192539-0299-4571-92e8-d7ab9a5d1be0.zip?GoogleAccessId=service-788550075494@gcf-admin-robot.iam.gserviceaccount.com&Expires=1708680958&Signature=OEczpLlb9tB8Zj73Z5C0tW06MkLfVE2npKX%2BdqCSM2d4sPUZl%2FZr%2BpQvzwr1mZvxgazPlsQIq2Ij8vjA3I4sqoSg9kESOkuoK3xU21ly13pcIZ2nN7%2BZ%2BzTRFNr1RDTS%2BzFfhFaGtT0x1eo8%2FrfBn5e3SGTNd%2FTAk1h5R%2B9QaDnoTqk%2Fy9DaHKzupK7Z5bIT6riA3bV8vL5tJaW47xVSZ%2BEJHRhAwgO606Q0%2FQoqMFXNizerKlTMr0WYeH%2BP4q25qjRPuDt%2BInWmga0UAEgxp%2BkjlrlvBTWe7Y5iC52agNhkn3WNJLArp1HViK1JV7gX0lhOD6urDcvZpP5OBsUhKA%3D%3D","environmentVariables":{"FIREBASE_CONFIG":"{\"projectId\":\"my-portfolio-server-7f900\",\"storageBucket\":\"my-portfolio-server-7f900.appspot.com\"}","GCLOUD_PROJECT":"my-portfolio-server-7f900","EVENTARC_CLOUD_EVENT_SOURCE":"projects/my-portfolio-server-7f900/locations/us-central1/functions/addMessage"},"runtime":"nodejs18","buildEnvironmentVariables":{"GOOGLE_NODE_RUN_SCRIPTS":""},"dockerRegistry":"ARTIFACT_REGISTRY"},"versionId":"1","updateTime":"2024-02-23T09:06:01Z"}}
[debug] [2024-02-23T09:05:59.960Z] >>> [apiv2][query] GET https://cloudfunctions.googleapis.com/v1/operations/bXktcG9ydGZvbGlvLXNlcnZlci03ZjkwMC91cy1jZW50cmFsMS9hZGRNZXNzYWdlL1ZQV3NqNHQ3X1NZ [none]
[debug] [2024-02-23T09:06:00.567Z] <<< [apiv2][status] GET https://cloudfunctions.googleapis.com/v1/operations/bXktcG9ydGZvbGlvLXNlcnZlci03ZjkwMC91cy1jZW50cmFsMS9hZGRNZXNzYWdlL1ZQV3NqNHQ3X1NZ 200
[debug] [2024-02-23T09:06:00.567Z] <<< [apiv2][body] GET https://cloudfunctions.googleapis.com/v1/operations/bXktcG9ydGZvbGlvLXNlcnZlci03ZjkwMC91cy1jZW50cmFsMS9hZGRNZXNzYWdlL1ZQV3NqNHQ3X1NZ {"name":"operations/bXktcG9ydGZvbGlvLXNlcnZlci03ZjkwMC91cy1jZW50cmFsMS9hZGRNZXNzYWdlL1ZQV3NqNHQ3X1NZ","metadata":{"@type":"type.googleapis.com/google.cloud.functions.v1.OperationMetadataV1","target":"projects/my-portfolio-server-7f900/locations/us-central1/functions/addMessage","type":"CREATE_FUNCTION","request":{"@type":"type.googleapis.com/google.cloud.functions.v1.CloudFunction","name":"projects/my-portfolio-server-7f900/locations/us-central1/functions/addMessage","httpsTrigger":{"securityLevel":"SECURE_ALWAYS"},"entryPoint":"addMessage","labels":{"deployment-tool":"cli-firebase","firebase-functions-hash":"44f3d21859a2aae05f657958259e6d4b5cd17d25"},"sourceUploadUrl":"https://storage.googleapis.com/uploads-512624323680.us-central1.cloudfunctions.appspot.com/b1192539-0299-4571-92e8-d7ab9a5d1be0.zip?GoogleAccessId=service-788550075494@gcf-admin-robot.iam.gserviceaccount.com&Expires=1708680958&Signature=OEczpLlb9tB8Zj73Z5C0tW06MkLfVE2npKX%2BdqCSM2d4sPUZl%2FZr%2BpQvzwr1mZvxgazPlsQIq2Ij8vjA3I4sqoSg9kESOkuoK3xU21ly13pcIZ2nN7%2BZ%2BzTRFNr1RDTS%2BzFfhFaGtT0x1eo8%2FrfBn5e3SGTNd%2FTAk1h5R%2B9QaDnoTqk%2Fy9DaHKzupK7Z5bIT6riA3bV8vL5tJaW47xVSZ%2BEJHRhAwgO606Q0%2FQoqMFXNizerKlTMr0WYeH%2BP4q25qjRPuDt%2BInWmga0UAEgxp%2BkjlrlvBTWe7Y5iC52agNhkn3WNJLArp1HViK1JV7gX0lhOD6urDcvZpP5OBsUhKA%3D%3D","environmentVariables":{"FIREBASE_CONFIG":"{\"projectId\":\"my-portfolio-server-7f900\",\"storageBucket\":\"my-portfolio-server-7f900.appspot.com\"}","GCLOUD_PROJECT":"my-portfolio-server-7f900","EVENTARC_CLOUD_EVENT_SOURCE":"projects/my-portfolio-server-7f900/locations/us-central1/functions/addMessage"},"runtime":"nodejs18","buildEnvironmentVariables":{"GOOGLE_NODE_RUN_SCRIPTS":""},"dockerRegistry":"ARTIFACT_REGISTRY"},"versionId":"1","updateTime":"2024-02-23T09:06:01Z"}}
[debug] [2024-02-23T09:06:01.077Z] [create-default-us-central1-addMessage] Retrying task index 0
[debug] [2024-02-23T09:06:01.077Z] >>> [apiv2][query] GET https://cloudfunctions.googleapis.com/v1/operations/bXktcG9ydGZvbGlvLXNlcnZlci03ZjkwMC91cy1jZW50cmFsMS9hZGRNZXNzYWdlL1ZQV3NqNHQ3X1NZ [none]
[debug] [2024-02-23T09:06:01.690Z] <<< [apiv2][status] GET https://cloudfunctions.googleapis.com/v1/operations/bXktcG9ydGZvbGlvLXNlcnZlci03ZjkwMC91cy1jZW50cmFsMS9hZGRNZXNzYWdlL1ZQV3NqNHQ3X1NZ 200
[debug] [2024-02-23T09:06:01.690Z] <<< [apiv2][body] GET https://cloudfunctions.googleapis.com/v1/operations/bXktcG9ydGZvbGlvLXNlcnZlci03ZjkwMC91cy1jZW50cmFsMS9hZGRNZXNzYWdlL1ZQV3NqNHQ3X1NZ {"name":"operations/bXktcG9ydGZvbGlvLXNlcnZlci03ZjkwMC91cy1jZW50cmFsMS9hZGRNZXNzYWdlL1ZQV3NqNHQ3X1NZ","metadata":{"@type":"type.googleapis.com/google.cloud.functions.v1.OperationMetadataV1","target":"projects/my-portfolio-server-7f900/locations/us-central1/functions/addMessage","type":"CREATE_FUNCTION","request":{"@type":"type.googleapis.com/google.cloud.functions.v1.CloudFunction","name":"projects/my-portfolio-server-7f900/locations/us-central1/functions/addMessage","httpsTrigger":{"securityLevel":"SECURE_ALWAYS"},"entryPoint":"addMessage","labels":{"deployment-tool":"cli-firebase","firebase-functions-hash":"44f3d21859a2aae05f657958259e6d4b5cd17d25"},"sourceUploadUrl":"https://storage.googleapis.com/uploads-512624323680.us-central1.cloudfunctions.appspot.com/b1192539-0299-4571-92e8-d7ab9a5d1be0.zip?GoogleAccessId=service-788550075494@gcf-admin-robot.iam.gserviceaccount.com&Expires=1708680958&Signature=OEczpLlb9tB8Zj73Z5C0tW06MkLfVE2npKX%2BdqCSM2d4sPUZl%2FZr%2BpQvzwr1mZvxgazPlsQIq2Ij8vjA3I4sqoSg9kESOkuoK3xU21ly13pcIZ2nN7%2BZ%2BzTRFNr1RDTS%2BzFfhFaGtT0x1eo8%2FrfBn5e3SGTNd%2FTAk1h5R%2B9QaDnoTqk%2Fy9DaHKzupK7Z5bIT6riA3bV8vL5tJaW47xVSZ%2BEJHRhAwgO606Q0%2FQoqMFXNizerKlTMr0WYeH%2BP4q25qjRPuDt%2BInWmga0UAEgxp%2BkjlrlvBTWe7Y5iC52agNhkn3WNJLArp1HViK1JV7gX0lhOD6urDcvZpP5OBsUhKA%3D%3D","environmentVariables":{"FIREBASE_CONFIG":"{\"projectId\":\"my-portfolio-server-7f900\",\"storageBucket\":\"my-portfolio-server-7f900.appspot.com\"}","GCLOUD_PROJECT":"my-portfolio-server-7f900","EVENTARC_CLOUD_EVENT_SOURCE":"projects/my-portfolio-server-7f900/locations/us-central1/functions/addMessage"},"runtime":"nodejs18","buildEnvironmentVariables":{"GOOGLE_NODE_RUN_SCRIPTS":""},"dockerRegistry":"ARTIFACT_REGISTRY"},"versionId":"1","updateTime":"2024-02-23T09:06:01Z"}}
[debug] [2024-02-23T09:06:02.696Z] [create-default-us-central1-addMessage] Retrying task index 0
[debug] [2024-02-23T09:06:02.697Z] >>> [apiv2][query] GET https://cloudfunctions.googleapis.com/v1/operations/bXktcG9ydGZvbGlvLXNlcnZlci03ZjkwMC91cy1jZW50cmFsMS9hZGRNZXNzYWdlL1ZQV3NqNHQ3X1NZ [none]
[debug] [2024-02-23T09:06:03.298Z] <<< [apiv2][status] GET https://cloudfunctions.googleapis.com/v1/operations/bXktcG9ydGZvbGlvLXNlcnZlci03ZjkwMC91cy1jZW50cmFsMS9hZGRNZXNzYWdlL1ZQV3NqNHQ3X1NZ 200
[debug] [2024-02-23T09:06:03.299Z] <<< [apiv2][body] GET https://cloudfunctions.googleapis.com/v1/operations/bXktcG9ydGZvbGlvLXNlcnZlci03ZjkwMC91cy1jZW50cmFsMS9hZGRNZXNzYWdlL1ZQV3NqNHQ3X1NZ {"name":"operations/bXktcG9ydGZvbGlvLXNlcnZlci03ZjkwMC91cy1jZW50cmFsMS9hZGRNZXNzYWdlL1ZQV3NqNHQ3X1NZ","metadata":{"@type":"type.googleapis.com/google.cloud.functions.v1.OperationMetadataV1","target":"projects/my-portfolio-server-7f900/locations/us-central1/functions/addMessage","type":"CREATE_FUNCTION","request":{"@type":"type.googleapis.com/google.cloud.functions.v1.CloudFunction","name":"projects/my-portfolio-server-7f900/locations/us-central1/functions/addMessage","httpsTrigger":{"securityLevel":"SECURE_ALWAYS"},"entryPoint":"addMessage","labels":{"deployment-tool":"cli-firebase","firebase-functions-hash":"44f3d21859a2aae05f657958259e6d4b5cd17d25"},"sourceUploadUrl":"https://storage.googleapis.com/uploads-512624323680.us-central1.cloudfunctions.appspot.com/b1192539-0299-4571-92e8-d7ab9a5d1be0.zip?GoogleAccessId=service-788550075494@gcf-admin-robot.iam.gserviceaccount.com&Expires=1708680958&Signature=OEczpLlb9tB8Zj73Z5C0tW06MkLfVE2npKX%2BdqCSM2d4sPUZl%2FZr%2BpQvzwr1mZvxgazPlsQIq2Ij8vjA3I4sqoSg9kESOkuoK3xU21ly13pcIZ2nN7%2BZ%2BzTRFNr1RDTS%2BzFfhFaGtT0x1eo8%2FrfBn5e3SGTNd%2FTAk1h5R%2B9QaDnoTqk%2Fy9DaHKzupK7Z5bIT6riA3bV8vL5tJaW47xVSZ%2BEJHRhAwgO606Q0%2FQoqMFXNizerKlTMr0WYeH%2BP4q25qjRPuDt%2BInWmga0UAEgxp%2BkjlrlvBTWe7Y5iC52agNhkn3WNJLArp1HViK1JV7gX0lhOD6urDcvZpP5OBsUhKA%3D%3D","environmentVariables":{"FIREBASE_CONFIG":"{\"projectId\":\"my-portfolio-server-7f900\",\"storageBucket\":\"my-portfolio-server-7f900.appspot.com\"}","GCLOUD_PROJECT":"my-portfolio-server-7f900","EVENTARC_CLOUD_EVENT_SOURCE":"projects/my-portfolio-server-7f900/locations/us-central1/functions/addMessage"},"runtime":"nodejs18","buildEnvironmentVariables":{"GOOGLE_NODE_RUN_SCRIPTS":""},"dockerRegistry":"ARTIFACT_REGISTRY"},"versionId":"1","updateTime":"2024-02-23T09:06:01Z"}}
[debug] [2024-02-23T09:06:05.308Z] [create-default-us-central1-addMessage] Retrying task index 0
[debug] [2024-02-23T09:06:05.308Z] >>> [apiv2][query] GET https://cloudfunctions.googleapis.com/v1/operations/bXktcG9ydGZvbGlvLXNlcnZlci03ZjkwMC91cy1jZW50cmFsMS9hZGRNZXNzYWdlL1ZQV3NqNHQ3X1NZ [none]
[debug] [2024-02-23T09:06:05.888Z] <<< [apiv2][status] GET https://cloudfunctions.googleapis.com/v1/operations/bXktcG9ydGZvbGlvLXNlcnZlci03ZjkwMC91cy1jZW50cmFsMS9hZGRNZXNzYWdlL1ZQV3NqNHQ3X1NZ 200
[debug] [2024-02-23T09:06:05.888Z] <<< [apiv2][body] GET https://cloudfunctions.googleapis.com/v1/operations/bXktcG9ydGZvbGlvLXNlcnZlci03ZjkwMC91cy1jZW50cmFsMS9hZGRNZXNzYWdlL1ZQV3NqNHQ3X1NZ {"name":"operations/bXktcG9ydGZvbGlvLXNlcnZlci03ZjkwMC91cy1jZW50cmFsMS9hZGRNZXNzYWdlL1ZQV3NqNHQ3X1NZ","metadata":{"@type":"type.googleapis.com/google.cloud.functions.v1.OperationMetadataV1","target":"projects/my-portfolio-server-7f900/locations/us-central1/functions/addMessage","type":"CREATE_FUNCTION","request":{"@type":"type.googleapis.com/google.cloud.functions.v1.CloudFunction","name":"projects/my-portfolio-server-7f900/locations/us-central1/functions/addMessage","httpsTrigger":{"securityLevel":"SECURE_ALWAYS"},"entryPoint":"addMessage","labels":{"deployment-tool":"cli-firebase","firebase-functions-hash":"44f3d21859a2aae05f657958259e6d4b5cd17d25"},"sourceUploadUrl":"https://storage.googleapis.com/uploads-512624323680.us-central1.cloudfunctions.appspot.com/b1192539-0299-4571-92e8-d7ab9a5d1be0.zip?GoogleAccessId=service-788550075494@gcf-admin-robot.iam.gserviceaccount.com&Expires=1708680958&Signature=OEczpLlb9tB8Zj73Z5C0tW06MkLfVE2npKX%2BdqCSM2d4sPUZl%2FZr%2BpQvzwr1mZvxgazPlsQIq2Ij8vjA3I4sqoSg9kESOkuoK3xU21ly13pcIZ2nN7%2BZ%2BzTRFNr1RDTS%2BzFfhFaGtT0x1eo8%2FrfBn5e3SGTNd%2FTAk1h5R%2B9QaDnoTqk%2Fy9DaHKzupK7Z5bIT6riA3bV8vL5tJaW47xVSZ%2BEJHRhAwgO606Q0%2FQoqMFXNizerKlTMr0WYeH%2BP4q25qjRPuDt%2BInWmga0UAEgxp%2BkjlrlvBTWe7Y5iC52agNhkn3WNJLArp1HViK1JV7gX0lhOD6urDcvZpP5OBsUhKA%3D%3D","environmentVariables":{"FIREBASE_CONFIG":"{\"projectId\":\"my-portfolio-server-7f900\",\"storageBucket\":\"my-portfolio-server-7f900.appspot.com\"}","GCLOUD_PROJECT":"my-portfolio-server-7f900","EVENTARC_CLOUD_EVENT_SOURCE":"projects/my-portfolio-server-7f900/locations/us-central1/functions/addMessage"},"runtime":"nodejs18","buildEnvironmentVariables":{"GOOGLE_NODE_RUN_SCRIPTS":""},"dockerRegistry":"ARTIFACT_REGISTRY"},"versionId":"1","updateTime":"2024-02-23T09:06:01Z"}}
[debug] [2024-02-23T09:06:09.903Z] [create-default-us-central1-addMessage] Retrying task index 0
[debug] [2024-02-23T09:06:09.903Z] >>> [apiv2][query] GET https://cloudfunctions.googleapis.com/v1/operations/bXktcG9ydGZvbGlvLXNlcnZlci03ZjkwMC91cy1jZW50cmFsMS9hZGRNZXNzYWdlL1ZQV3NqNHQ3X1NZ [none]
[debug] [2024-02-23T09:06:10.763Z] <<< [apiv2][status] GET https://cloudfunctions.googleapis.com/v1/operations/bXktcG9ydGZvbGlvLXNlcnZlci03ZjkwMC91cy1jZW50cmFsMS9hZGRNZXNzYWdlL1ZQV3NqNHQ3X1NZ 200
[debug] [2024-02-23T09:06:10.764Z] <<< [apiv2][body] GET https://cloudfunctions.googleapis.com/v1/operations/bXktcG9ydGZvbGlvLXNlcnZlci03ZjkwMC91cy1jZW50cmFsMS9hZGRNZXNzYWdlL1ZQV3NqNHQ3X1NZ {"name":"operations/bXktcG9ydGZvbGlvLXNlcnZlci03ZjkwMC91cy1jZW50cmFsMS9hZGRNZXNzYWdlL1ZQV3NqNHQ3X1NZ","metadata":{"@type":"type.googleapis.com/google.cloud.functions.v1.OperationMetadataV1","target":"projects/my-portfolio-server-7f900/locations/us-central1/functions/addMessage","type":"CREATE_FUNCTION","request":{"@type":"type.googleapis.com/google.cloud.functions.v1.CloudFunction","name":"projects/my-portfolio-server-7f900/locations/us-central1/functions/addMessage","httpsTrigger":{"securityLevel":"SECURE_ALWAYS"},"entryPoint":"addMessage","labels":{"deployment-tool":"cli-firebase","firebase-functions-hash":"44f3d21859a2aae05f657958259e6d4b5cd17d25"},"sourceUploadUrl":"https://storage.googleapis.com/uploads-512624323680.us-central1.cloudfunctions.appspot.com/b1192539-0299-4571-92e8-d7ab9a5d1be0.zip?GoogleAccessId=service-788550075494@gcf-admin-robot.iam.gserviceaccount.com&Expires=1708680958&Signature=OEczpLlb9tB8Zj73Z5C0tW06MkLfVE2npKX%2BdqCSM2d4sPUZl%2FZr%2BpQvzwr1mZvxgazPlsQIq2Ij8vjA3I4sqoSg9kESOkuoK3xU21ly13pcIZ2nN7%2BZ%2BzTRFNr1RDTS%2BzFfhFaGtT0x1eo8%2FrfBn5e3SGTNd%2FTAk1h5R%2B9QaDnoTqk%2Fy9DaHKzupK7Z5bIT6riA3bV8vL5tJaW47xVSZ%2BEJHRhAwgO606Q0%2FQoqMFXNizerKlTMr0WYeH%2BP4q25qjRPuDt%2BInWmga0UAEgxp%2BkjlrlvBTWe7Y5iC52agNhkn3WNJLArp1HViK1JV7gX0lhOD6urDcvZpP5OBsUhKA%3D%3D","environmentVariables":{"FIREBASE_CONFIG":"{\"projectId\":\"my-portfolio-server-7f900\",\"storageBucket\":\"my-portfolio-server-7f900.appspot.com\"}","GCLOUD_PROJECT":"my-portfolio-server-7f900","EVENTARC_CLOUD_EVENT_SOURCE":"projects/my-portfolio-server-7f900/locations/us-central1/functions/addMessage"},"runtime":"nodejs18","buildEnvironmentVariables":{"GOOGLE_NODE_RUN_SCRIPTS":""},"dockerRegistry":"ARTIFACT_REGISTRY"},"versionId":"1","updateTime":"2024-02-23T09:06:01Z"}}
[debug] [2024-02-23T09:06:18.771Z] [create-default-us-central1-addMessage] Retrying task index 0
[debug] [2024-02-23T09:06:18.772Z] >>> [apiv2][query] GET https://cloudfunctions.googleapis.com/v1/operations/bXktcG9ydGZvbGlvLXNlcnZlci03ZjkwMC91cy1jZW50cmFsMS9hZGRNZXNzYWdlL1ZQV3NqNHQ3X1NZ [none]
[debug] [2024-02-23T09:06:19.351Z] <<< [apiv2][status] GET https://cloudfunctions.googleapis.com/v1/operations/bXktcG9ydGZvbGlvLXNlcnZlci03ZjkwMC91cy1jZW50cmFsMS9hZGRNZXNzYWdlL1ZQV3NqNHQ3X1NZ 200
[debug] [2024-02-23T09:06:19.351Z] <<< [apiv2][body] GET https://cloudfunctions.googleapis.com/v1/operations/bXktcG9ydGZvbGlvLXNlcnZlci03ZjkwMC91cy1jZW50cmFsMS9hZGRNZXNzYWdlL1ZQV3NqNHQ3X1NZ {"name":"operations/bXktcG9ydGZvbGlvLXNlcnZlci03ZjkwMC91cy1jZW50cmFsMS9hZGRNZXNzYWdlL1ZQV3NqNHQ3X1NZ","metadata":{"@type":"type.googleapis.com/google.cloud.functions.v1.OperationMetadataV1","target":"projects/my-portfolio-server-7f900/locations/us-central1/functions/addMessage","type":"CREATE_FUNCTION","request":{"@type":"type.googleapis.com/google.cloud.functions.v1.CloudFunction","name":"projects/my-portfolio-server-7f900/locations/us-central1/functions/addMessage","httpsTrigger":{"securityLevel":"SECURE_ALWAYS"},"entryPoint":"addMessage","labels":{"deployment-tool":"cli-firebase","firebase-functions-hash":"44f3d21859a2aae05f657958259e6d4b5cd17d25"},"sourceUploadUrl":"https://storage.googleapis.com/uploads-512624323680.us-central1.cloudfunctions.appspot.com/b1192539-0299-4571-92e8-d7ab9a5d1be0.zip?GoogleAccessId=service-788550075494@gcf-admin-robot.iam.gserviceaccount.com&Expires=1708680958&Signature=OEczpLlb9tB8Zj73Z5C0tW06MkLfVE2npKX%2BdqCSM2d4sPUZl%2FZr%2BpQvzwr1mZvxgazPlsQIq2Ij8vjA3I4sqoSg9kESOkuoK3xU21ly13pcIZ2nN7%2BZ%2BzTRFNr1RDTS%2BzFfhFaGtT0x1eo8%2FrfBn5e3SGTNd%2FTAk1h5R%2B9QaDnoTqk%2Fy9DaHKzupK7Z5bIT6riA3bV8vL5tJaW47xVSZ%2BEJHRhAwgO606Q0%2FQoqMFXNizerKlTMr0WYeH%2BP4q25qjRPuDt%2BInWmga0UAEgxp%2BkjlrlvBTWe7Y5iC52agNhkn3WNJLArp1HViK1JV7gX0lhOD6urDcvZpP5OBsUhKA%3D%3D","environmentVariables":{"FIREBASE_CONFIG":"{\"projectId\":\"my-portfolio-server-7f900\",\"storageBucket\":\"my-portfolio-server-7f900.appspot.com\"}","GCLOUD_PROJECT":"my-portfolio-server-7f900","EVENTARC_CLOUD_EVENT_SOURCE":"projects/my-portfolio-server-7f900/locations/us-central1/functions/addMessage"},"runtime":"nodejs18","buildEnvironmentVariables":{"GOOGLE_NODE_RUN_SCRIPTS":""},"dockerRegistry":"ARTIFACT_REGISTRY"},"versionId":"1","updateTime":"2024-02-23T09:06:01Z","buildId":"3bce9666-55f8-4cbf-8558-22dd25253cf0","buildName":"projects/788550075494/locations/us-central1/builds/3bce9666-55f8-4cbf-8558-22dd25253cf0"}}
[debug] [2024-02-23T09:06:29.370Z] [create-default-us-central1-addMessage] Retrying task index 0
[debug] [2024-02-23T09:06:29.370Z] >>> [apiv2][query] GET https://cloudfunctions.googleapis.com/v1/operations/bXktcG9ydGZvbGlvLXNlcnZlci03ZjkwMC91cy1jZW50cmFsMS9hZGRNZXNzYWdlL1ZQV3NqNHQ3X1NZ [none]
[debug] [2024-02-23T09:06:30.002Z] <<< [apiv2][status] GET https://cloudfunctions.googleapis.com/v1/operations/bXktcG9ydGZvbGlvLXNlcnZlci03ZjkwMC91cy1jZW50cmFsMS9hZGRNZXNzYWdlL1ZQV3NqNHQ3X1NZ 200
[debug] [2024-02-23T09:06:30.002Z] <<< [apiv2][body] GET https://cloudfunctions.googleapis.com/v1/operations/bXktcG9ydGZvbGlvLXNlcnZlci03ZjkwMC91cy1jZW50cmFsMS9hZGRNZXNzYWdlL1ZQV3NqNHQ3X1NZ {"name":"operations/bXktcG9ydGZvbGlvLXNlcnZlci03ZjkwMC91cy1jZW50cmFsMS9hZGRNZXNzYWdlL1ZQV3NqNHQ3X1NZ","metadata":{"@type":"type.googleapis.com/google.cloud.functions.v1.OperationMetadataV1","target":"projects/my-portfolio-server-7f900/locations/us-central1/functions/addMessage","type":"CREATE_FUNCTION","request":{"@type":"type.googleapis.com/google.cloud.functions.v1.CloudFunction","name":"projects/my-portfolio-server-7f900/locations/us-central1/functions/addMessage","httpsTrigger":{"securityLevel":"SECURE_ALWAYS"},"entryPoint":"addMessage","labels":{"deployment-tool":"cli-firebase","firebase-functions-hash":"44f3d21859a2aae05f657958259e6d4b5cd17d25"},"sourceUploadUrl":"https://storage.googleapis.com/uploads-512624323680.us-central1.cloudfunctions.appspot.com/b1192539-0299-4571-92e8-d7ab9a5d1be0.zip?GoogleAccessId=service-788550075494@gcf-admin-robot.iam.gserviceaccount.com&Expires=1708680958&Signature=OEczpLlb9tB8Zj73Z5C0tW06MkLfVE2npKX%2BdqCSM2d4sPUZl%2FZr%2BpQvzwr1mZvxgazPlsQIq2Ij8vjA3I4sqoSg9kESOkuoK3xU21ly13pcIZ2nN7%2BZ%2BzTRFNr1RDTS%2BzFfhFaGtT0x1eo8%2FrfBn5e3SGTNd%2FTAk1h5R%2B9QaDnoTqk%2Fy9DaHKzupK7Z5bIT6riA3bV8vL5tJaW47xVSZ%2BEJHRhAwgO606Q0%2FQoqMFXNizerKlTMr0WYeH%2BP4q25qjRPuDt%2BInWmga0UAEgxp%2BkjlrlvBTWe7Y5iC52agNhkn3WNJLArp1HViK1JV7gX0lhOD6urDcvZpP5OBsUhKA%3D%3D","environmentVariables":{"FIREBASE_CONFIG":"{\"projectId\":\"my-portfolio-server-7f900\",\"storageBucket\":\"my-portfolio-server-7f900.appspot.com\"}","GCLOUD_PROJECT":"my-portfolio-server-7f900","EVENTARC_CLOUD_EVENT_SOURCE":"projects/my-portfolio-server-7f900/locations/us-central1/functions/addMessage"},"runtime":"nodejs18","buildEnvironmentVariables":{"GOOGLE_NODE_RUN_SCRIPTS":""},"dockerRegistry":"ARTIFACT_REGISTRY"},"versionId":"1","updateTime":"2024-02-23T09:06:01Z","buildId":"3bce9666-55f8-4cbf-8558-22dd25253cf0","buildName":"projects/788550075494/locations/us-central1/builds/3bce9666-55f8-4cbf-8558-22dd25253cf0"}}
[debug] [2024-02-23T09:06:40.009Z] [create-default-us-central1-addMessage] Retrying task index 0
[debug] [2024-02-23T09:06:40.010Z] >>> [apiv2][query] GET https://cloudfunctions.googleapis.com/v1/operations/bXktcG9ydGZvbGlvLXNlcnZlci03ZjkwMC91cy1jZW50cmFsMS9hZGRNZXNzYWdlL1ZQV3NqNHQ3X1NZ [none]
[debug] [2024-02-23T09:06:40.788Z] <<< [apiv2][status] GET https://cloudfunctions.googleapis.com/v1/operations/bXktcG9ydGZvbGlvLXNlcnZlci03ZjkwMC91cy1jZW50cmFsMS9hZGRNZXNzYWdlL1ZQV3NqNHQ3X1NZ 200
[debug] [2024-02-23T09:06:40.788Z] <<< [apiv2][body] GET https://cloudfunctions.googleapis.com/v1/operations/bXktcG9ydGZvbGlvLXNlcnZlci03ZjkwMC91cy1jZW50cmFsMS9hZGRNZXNzYWdlL1ZQV3NqNHQ3X1NZ {"name":"operations/bXktcG9ydGZvbGlvLXNlcnZlci03ZjkwMC91cy1jZW50cmFsMS9hZGRNZXNzYWdlL1ZQV3NqNHQ3X1NZ","metadata":{"@type":"type.googleapis.com/google.cloud.functions.v1.OperationMetadataV1","target":"projects/my-portfolio-server-7f900/locations/us-central1/functions/addMessage","type":"CREATE_FUNCTION","request":{"@type":"type.googleapis.com/google.cloud.functions.v1.CloudFunction","name":"projects/my-portfolio-server-7f900/locations/us-central1/functions/addMessage","httpsTrigger":{"securityLevel":"SECURE_ALWAYS"},"entryPoint":"addMessage","labels":{"deployment-tool":"cli-firebase","firebase-functions-hash":"44f3d21859a2aae05f657958259e6d4b5cd17d25"},"sourceUploadUrl":"https://storage.googleapis.com/uploads-512624323680.us-central1.cloudfunctions.appspot.com/b1192539-0299-4571-92e8-d7ab9a5d1be0.zip?GoogleAccessId=service-788550075494@gcf-admin-robot.iam.gserviceaccount.com&Expires=1708680958&Signature=OEczpLlb9tB8Zj73Z5C0tW06MkLfVE2npKX%2BdqCSM2d4sPUZl%2FZr%2BpQvzwr1mZvxgazPlsQIq2Ij8vjA3I4sqoSg9kESOkuoK3xU21ly13pcIZ2nN7%2BZ%2BzTRFNr1RDTS%2BzFfhFaGtT0x1eo8%2FrfBn5e3SGTNd%2FTAk1h5R%2B9QaDnoTqk%2Fy9DaHKzupK7Z5bIT6riA3bV8vL5tJaW47xVSZ%2BEJHRhAwgO606Q0%2FQoqMFXNizerKlTMr0WYeH%2BP4q25qjRPuDt%2BInWmga0UAEgxp%2BkjlrlvBTWe7Y5iC52agNhkn3WNJLArp1HViK1JV7gX0lhOD6urDcvZpP5OBsUhKA%3D%3D","environmentVariables":{"FIREBASE_CONFIG":"{\"projectId\":\"my-portfolio-server-7f900\",\"storageBucket\":\"my-portfolio-server-7f900.appspot.com\"}","GCLOUD_PROJECT":"my-portfolio-server-7f900","EVENTARC_CLOUD_EVENT_SOURCE":"projects/my-portfolio-server-7f900/locations/us-central1/functions/addMessage"},"runtime":"nodejs18","buildEnvironmentVariables":{"GOOGLE_NODE_RUN_SCRIPTS":""},"dockerRegistry":"ARTIFACT_REGISTRY"},"versionId":"1","updateTime":"2024-02-23T09:06:01Z","buildId":"3bce9666-55f8-4cbf-8558-22dd25253cf0","buildName":"projects/788550075494/locations/us-central1/builds/3bce9666-55f8-4cbf-8558-22dd25253cf0"}}
[debug] [2024-02-23T09:06:50.797Z] [create-default-us-central1-addMessage] Retrying task index 0
[debug] [2024-02-23T09:06:50.798Z] >>> [apiv2][query] GET https://cloudfunctions.googleapis.com/v1/operations/bXktcG9ydGZvbGlvLXNlcnZlci03ZjkwMC91cy1jZW50cmFsMS9hZGRNZXNzYWdlL1ZQV3NqNHQ3X1NZ [none]
[debug] [2024-02-23T09:06:51.580Z] <<< [apiv2][status] GET https://cloudfunctions.googleapis.com/v1/operations/bXktcG9ydGZvbGlvLXNlcnZlci03ZjkwMC91cy1jZW50cmFsMS9hZGRNZXNzYWdlL1ZQV3NqNHQ3X1NZ 200
[debug] [2024-02-23T09:06:51.580Z] <<< [apiv2][body] GET https://cloudfunctions.googleapis.com/v1/operations/bXktcG9ydGZvbGlvLXNlcnZlci03ZjkwMC91cy1jZW50cmFsMS9hZGRNZXNzYWdlL1ZQV3NqNHQ3X1NZ {"name":"operations/bXktcG9ydGZvbGlvLXNlcnZlci03ZjkwMC91cy1jZW50cmFsMS9hZGRNZXNzYWdlL1ZQV3NqNHQ3X1NZ","metadata":{"@type":"type.googleapis.com/google.cloud.functions.v1.OperationMetadataV1","target":"projects/my-portfolio-server-7f900/locations/us-central1/functions/addMessage","type":"CREATE_FUNCTION","request":{"@type":"type.googleapis.com/google.cloud.functions.v1.CloudFunction","name":"projects/my-portfolio-server-7f900/locations/us-central1/functions/addMessage","httpsTrigger":{"securityLevel":"SECURE_ALWAYS"},"entryPoint":"addMessage","labels":{"deployment-tool":"cli-firebase","firebase-functions-hash":"44f3d21859a2aae05f657958259e6d4b5cd17d25"},"sourceUploadUrl":"https://storage.googleapis.com/uploads-512624323680.us-central1.cloudfunctions.appspot.com/b1192539-0299-4571-92e8-d7ab9a5d1be0.zip?GoogleAccessId=service-788550075494@gcf-admin-robot.iam.gserviceaccount.com&Expires=1708680958&Signature=OEczpLlb9tB8Zj73Z5C0tW06MkLfVE2npKX%2BdqCSM2d4sPUZl%2FZr%2BpQvzwr1mZvxgazPlsQIq2Ij8vjA3I4sqoSg9kESOkuoK3xU21ly13pcIZ2nN7%2BZ%2BzTRFNr1RDTS%2BzFfhFaGtT0x1eo8%2FrfBn5e3SGTNd%2FTAk1h5R%2B9QaDnoTqk%2Fy9DaHKzupK7Z5bIT6riA3bV8vL5tJaW47xVSZ%2BEJHRhAwgO606Q0%2FQoqMFXNizerKlTMr0WYeH%2BP4q25qjRPuDt%2BInWmga0UAEgxp%2BkjlrlvBTWe7Y5iC52agNhkn3WNJLArp1HViK1JV7gX0lhOD6urDcvZpP5OBsUhKA%3D%3D","environmentVariables":{"FIREBASE_CONFIG":"{\"projectId\":\"my-portfolio-server-7f900\",\"storageBucket\":\"my-portfolio-server-7f900.appspot.com\"}","GCLOUD_PROJECT":"my-portfolio-server-7f900","EVENTARC_CLOUD_EVENT_SOURCE":"projects/my-portfolio-server-7f900/locations/us-central1/functions/addMessage"},"runtime":"nodejs18","buildEnvironmentVariables":{"GOOGLE_NODE_RUN_SCRIPTS":""},"dockerRegistry":"ARTIFACT_REGISTRY"},"versionId":"1","updateTime":"2024-02-23T09:06:01Z","buildId":"3bce9666-55f8-4cbf-8558-22dd25253cf0","buildName":"projects/788550075494/locations/us-central1/builds/3bce9666-55f8-4cbf-8558-22dd25253cf0"}}
[debug] [2024-02-23T09:07:01.585Z] [create-default-us-central1-addMessage] Retrying task index 0
[debug] [2024-02-23T09:07:01.585Z] >>> [apiv2][query] GET https://cloudfunctions.googleapis.com/v1/operations/bXktcG9ydGZvbGlvLXNlcnZlci03ZjkwMC91cy1jZW50cmFsMS9hZGRNZXNzYWdlL1ZQV3NqNHQ3X1NZ [none]
[debug] [2024-02-23T09:07:02.826Z] <<< [apiv2][status] GET https://cloudfunctions.googleapis.com/v1/operations/bXktcG9ydGZvbGlvLXNlcnZlci03ZjkwMC91cy1jZW50cmFsMS9hZGRNZXNzYWdlL1ZQV3NqNHQ3X1NZ 200
[debug] [2024-02-23T09:07:02.826Z] <<< [apiv2][body] GET https://cloudfunctions.googleapis.com/v1/operations/bXktcG9ydGZvbGlvLXNlcnZlci03ZjkwMC91cy1jZW50cmFsMS9hZGRNZXNzYWdlL1ZQV3NqNHQ3X1NZ {"name":"operations/bXktcG9ydGZvbGlvLXNlcnZlci03ZjkwMC91cy1jZW50cmFsMS9hZGRNZXNzYWdlL1ZQV3NqNHQ3X1NZ","metadata":{"@type":"type.googleapis.com/google.cloud.functions.v1.OperationMetadataV1","target":"projects/my-portfolio-server-7f900/locations/us-central1/functions/addMessage","type":"CREATE_FUNCTION","request":{"@type":"type.googleapis.com/google.cloud.functions.v1.CloudFunction","name":"projects/my-portfolio-server-7f900/locations/us-central1/functions/addMessage","httpsTrigger":{"securityLevel":"SECURE_ALWAYS"},"entryPoint":"addMessage","labels":{"deployment-tool":"cli-firebase","firebase-functions-hash":"44f3d21859a2aae05f657958259e6d4b5cd17d25"},"sourceUploadUrl":"https://storage.googleapis.com/uploads-512624323680.us-central1.cloudfunctions.appspot.com/b1192539-0299-4571-92e8-d7ab9a5d1be0.zip?GoogleAccessId=service-788550075494@gcf-admin-robot.iam.gserviceaccount.com&Expires=1708680958&Signature=OEczpLlb9tB8Zj73Z5C0tW06MkLfVE2npKX%2BdqCSM2d4sPUZl%2FZr%2BpQvzwr1mZvxgazPlsQIq2Ij8vjA3I4sqoSg9kESOkuoK3xU21ly13pcIZ2nN7%2BZ%2BzTRFNr1RDTS%2BzFfhFaGtT0x1eo8%2FrfBn5e3SGTNd%2FTAk1h5R%2B9QaDnoTqk%2Fy9DaHKzupK7Z5bIT6riA3bV8vL5tJaW47xVSZ%2BEJHRhAwgO606Q0%2FQoqMFXNizerKlTMr0WYeH%2BP4q25qjRPuDt%2BInWmga0UAEgxp%2BkjlrlvBTWe7Y5iC52agNhkn3WNJLArp1HViK1JV7gX0lhOD6urDcvZpP5OBsUhKA%3D%3D","environmentVariables":{"FIREBASE_CONFIG":"{\"projectId\":\"my-portfolio-server-7f900\",\"storageBucket\":\"my-portfolio-server-7f900.appspot.com\"}","GCLOUD_PROJECT":"my-portfolio-server-7f900","EVENTARC_CLOUD_EVENT_SOURCE":"projects/my-portfolio-server-7f900/locations/us-central1/functions/addMessage"},"runtime":"nodejs18","buildEnvironmentVariables":{"GOOGLE_NODE_RUN_SCRIPTS":""},"dockerRegistry":"ARTIFACT_REGISTRY"},"versionId":"1","updateTime":"2024-02-23T09:06:01Z","buildId":"3bce9666-55f8-4cbf-8558-22dd25253cf0","sourceToken":"baeb95ec-352b-4986-94c5-b0be72e39147","buildName":"projects/788550075494/locations/us-central1/builds/3bce9666-55f8-4cbf-8558-22dd25253cf0"}}
[debug] [2024-02-23T09:07:02.826Z] Got source token baeb95ec-352b-4986-94c5-b0be72e39147 for region us-central1
[debug] [2024-02-23T09:07:12.827Z] [create-default-us-central1-addMessage] Retrying task index 0
[debug] [2024-02-23T09:07:12.828Z] >>> [apiv2][query] GET https://cloudfunctions.googleapis.com/v1/operations/bXktcG9ydGZvbGlvLXNlcnZlci03ZjkwMC91cy1jZW50cmFsMS9hZGRNZXNzYWdlL1ZQV3NqNHQ3X1NZ [none]
[debug] [2024-02-23T09:07:13.408Z] <<< [apiv2][status] GET https://cloudfunctions.googleapis.com/v1/operations/bXktcG9ydGZvbGlvLXNlcnZlci03ZjkwMC91cy1jZW50cmFsMS9hZGRNZXNzYWdlL1ZQV3NqNHQ3X1NZ 200
[debug] [2024-02-23T09:07:13.408Z] <<< [apiv2][body] GET https://cloudfunctions.googleapis.com/v1/operations/bXktcG9ydGZvbGlvLXNlcnZlci03ZjkwMC91cy1jZW50cmFsMS9hZGRNZXNzYWdlL1ZQV3NqNHQ3X1NZ {"name":"operations/bXktcG9ydGZvbGlvLXNlcnZlci03ZjkwMC91cy1jZW50cmFsMS9hZGRNZXNzYWdlL1ZQV3NqNHQ3X1NZ","metadata":{"@type":"type.googleapis.com/google.cloud.functions.v1.OperationMetadataV1","target":"projects/my-portfolio-server-7f900/locations/us-central1/functions/addMessage","type":"CREATE_FUNCTION","request":{"@type":"type.googleapis.com/google.cloud.functions.v1.CloudFunction","name":"projects/my-portfolio-server-7f900/locations/us-central1/functions/addMessage","httpsTrigger":{"securityLevel":"SECURE_ALWAYS"},"entryPoint":"addMessage","labels":{"deployment-tool":"cli-firebase","firebase-functions-hash":"44f3d21859a2aae05f657958259e6d4b5cd17d25"},"sourceUploadUrl":"https://storage.googleapis.com/uploads-512624323680.us-central1.cloudfunctions.appspot.com/b1192539-0299-4571-92e8-d7ab9a5d1be0.zip?GoogleAccessId=service-788550075494@gcf-admin-robot.iam.gserviceaccount.com&Expires=1708680958&Signature=OEczpLlb9tB8Zj73Z5C0tW06MkLfVE2npKX%2BdqCSM2d4sPUZl%2FZr%2BpQvzwr1mZvxgazPlsQIq2Ij8vjA3I4sqoSg9kESOkuoK3xU21ly13pcIZ2nN7%2BZ%2BzTRFNr1RDTS%2BzFfhFaGtT0x1eo8%2FrfBn5e3SGTNd%2FTAk1h5R%2B9QaDnoTqk%2Fy9DaHKzupK7Z5bIT6riA3bV8vL5tJaW47xVSZ%2BEJHRhAwgO606Q0%2FQoqMFXNizerKlTMr0WYeH%2BP4q25qjRPuDt%2BInWmga0UAEgxp%2BkjlrlvBTWe7Y5iC52agNhkn3WNJLArp1HViK1JV7gX0lhOD6urDcvZpP5OBsUhKA%3D%3D","environmentVariables":{"FIREBASE_CONFIG":"{\"projectId\":\"my-portfolio-server-7f900\",\"storageBucket\":\"my-portfolio-server-7f900.appspot.com\"}","GCLOUD_PROJECT":"my-portfolio-server-7f900","EVENTARC_CLOUD_EVENT_SOURCE":"projects/my-portfolio-server-7f900/locations/us-central1/functions/addMessage"},"runtime":"nodejs18","buildEnvironmentVariables":{"GOOGLE_NODE_RUN_SCRIPTS":""},"dockerRegistry":"ARTIFACT_REGISTRY"},"versionId":"1","updateTime":"2024-02-23T09:06:01Z","buildId":"3bce9666-55f8-4cbf-8558-22dd25253cf0","sourceToken":"baeb95ec-352b-4986-94c5-b0be72e39147","buildName":"projects/788550075494/locations/us-central1/builds/3bce9666-55f8-4cbf-8558-22dd25253cf0"}}
[debug] [2024-02-23T09:07:13.408Z] Got source token baeb95ec-352b-4986-94c5-b0be72e39147 for region us-central1
[debug] [2024-02-23T09:07:23.412Z] [create-default-us-central1-addMessage] Retrying task index 0
[debug] [2024-02-23T09:07:23.413Z] >>> [apiv2][query] GET https://cloudfunctions.googleapis.com/v1/operations/bXktcG9ydGZvbGlvLXNlcnZlci03ZjkwMC91cy1jZW50cmFsMS9hZGRNZXNzYWdlL1ZQV3NqNHQ3X1NZ [none]
[debug] [2024-02-23T09:07:24.334Z] <<< [apiv2][status] GET https://cloudfunctions.googleapis.com/v1/operations/bXktcG9ydGZvbGlvLXNlcnZlci03ZjkwMC91cy1jZW50cmFsMS9hZGRNZXNzYWdlL1ZQV3NqNHQ3X1NZ 200
[debug] [2024-02-23T09:07:24.335Z] <<< [apiv2][body] GET https://cloudfunctions.googleapis.com/v1/operations/bXktcG9ydGZvbGlvLXNlcnZlci03ZjkwMC91cy1jZW50cmFsMS9hZGRNZXNzYWdlL1ZQV3NqNHQ3X1NZ {"name":"operations/bXktcG9ydGZvbGlvLXNlcnZlci03ZjkwMC91cy1jZW50cmFsMS9hZGRNZXNzYWdlL1ZQV3NqNHQ3X1NZ","metadata":{"@type":"type.googleapis.com/google.cloud.functions.v1.OperationMetadataV1","target":"projects/my-portfolio-server-7f900/locations/us-central1/functions/addMessage","type":"CREATE_FUNCTION","request":{"@type":"type.googleapis.com/google.cloud.functions.v1.CloudFunction","name":"projects/my-portfolio-server-7f900/locations/us-central1/functions/addMessage","httpsTrigger":{"securityLevel":"SECURE_ALWAYS"},"entryPoint":"addMessage","labels":{"deployment-tool":"cli-firebase","firebase-functions-hash":"44f3d21859a2aae05f657958259e6d4b5cd17d25"},"sourceUploadUrl":"https://storage.googleapis.com/uploads-512624323680.us-central1.cloudfunctions.appspot.com/b1192539-0299-4571-92e8-d7ab9a5d1be0.zip?GoogleAccessId=service-788550075494@gcf-admin-robot.iam.gserviceaccount.com&Expires=1708680958&Signature=OEczpLlb9tB8Zj73Z5C0tW06MkLfVE2npKX%2BdqCSM2d4sPUZl%2FZr%2BpQvzwr1mZvxgazPlsQIq2Ij8vjA3I4sqoSg9kESOkuoK3xU21ly13pcIZ2nN7%2BZ%2BzTRFNr1RDTS%2BzFfhFaGtT0x1eo8%2FrfBn5e3SGTNd%2FTAk1h5R%2B9QaDnoTqk%2Fy9DaHKzupK7Z5bIT6riA3bV8vL5tJaW47xVSZ%2BEJHRhAwgO606Q0%2FQoqMFXNizerKlTMr0WYeH%2BP4q25qjRPuDt%2BInWmga0UAEgxp%2BkjlrlvBTWe7Y5iC52agNhkn3WNJLArp1HViK1JV7gX0lhOD6urDcvZpP5OBsUhKA%3D%3D","environmentVariables":{"FIREBASE_CONFIG":"{\"projectId\":\"my-portfolio-server-7f900\",\"storageBucket\":\"my-portfolio-server-7f900.appspot.com\"}","GCLOUD_PROJECT":"my-portfolio-server-7f900","EVENTARC_CLOUD_EVENT_SOURCE":"projects/my-portfolio-server-7f900/locations/us-central1/functions/addMessage"},"runtime":"nodejs18","buildEnvironmentVariables":{"GOOGLE_NODE_RUN_SCRIPTS":""},"dockerRegistry":"ARTIFACT_REGISTRY"},"versionId":"1","updateTime":"2024-02-23T09:06:01Z","buildId":"3bce9666-55f8-4cbf-8558-22dd25253cf0","sourceToken":"baeb95ec-352b-4986-94c5-b0be72e39147","buildName":"projects/788550075494/locations/us-central1/builds/3bce9666-55f8-4cbf-8558-22dd25253cf0"}}
[debug] [2024-02-23T09:07:24.335Z] Got source token baeb95ec-352b-4986-94c5-b0be72e39147 for region us-central1
